#
# There is insufficient memory for the Java Runtime Environment to continue.
# Cannot create GC thread. Out of system resources.
# Possible reasons:
#   The system is out of physical RAM or swap space
#   In 32 bit mode, the process size limit was hit
# Possible solutions:
#   Reduce memory load on the system
#   Increase physical memory or swap space
#   Check if swap backing store is full
#   Use 64 bit Java on a 64 bit OS
#   Decrease Java heap size (-Xmx/-Xms)
#   Decrease number of Java threads
#   Decrease Java thread stack sizes (-Xss)
#   Set larger code cache with -XX:ReservedCodeCacheSize=
# This output file may be truncated or incomplete.
#
#  Out of Memory Error (gcTaskThread.cpp:46), pid=20998, tid=139704992159488
#
# JRE version:  (7.0_151-b01) (build )
# Java VM: OpenJDK 64-Bit Server VM (24.151-b01 mixed mode linux-amd64 compressed oops)
# Derivative: IcedTea 2.6.11
# Distribution: Debian GNU/Linux 8.8 (jessie), package 7u151-2.6.11-1~deb8u1
# Failed to write core dump. Core dumps have been disabled. To enable core dumping, try "ulimit -c unlimited" before starting Java again
#

---------------  T H R E A D  ---------------

Current thread (0x00007f0f9400a000):  JavaThread "Unknown thread" [_thread_in_vm, id=20999, stack(0x00007f0f9a5e5000,0x00007f0f9a6e6000)]

Stack: [0x00007f0f9a5e5000,0x00007f0f9a6e6000],  sp=0x00007f0f9a6e4810,  free space=1022k
Native frames: (J=compiled Java code, j=interpreted, Vv=VM code, C=native code)
V  [libjvm.so+0x994f56]
V  [libjvm.so+0x49bf52]
V  [libjvm.so+0x561cea]
V  [libjvm.so+0x560f8f]
V  [libjvm.so+0x826d4d]
V  [libjvm.so+0x95f037]
V  [libjvm.so+0x95f392]
V  [libjvm.so+0x5be79f]
V  [libjvm.so+0x942f1f]
V  [libjvm.so+0x62dff0]  JNI_CreateJavaVM+0x60
C  [libjli.so+0x2b8e]


---------------  P R O C E S S  ---------------

Java Threads: ( => current thread )

Other Threads:

=>0x00007f0f9400a000 (exited) JavaThread "Unknown thread" [_thread_in_vm, id=20999, stack(0x00007f0f9a5e5000,0x00007f0f9a6e6000)]

VM state:not at safepoint (not fully initialized)

VM Mutex/Monitor currently owned by a thread: None

GC Heap History (0 events):
No events

Deoptimization events (0 events):
No events

Internal exceptions (0 events):
No events

Events (0 events):
No events


Dynamic libraries:
00400000-00401000 r-xp 00000000 08:01 802269                             /usr/lib/jvm/java-7-openjdk-amd64/bin/jstat
00600000-00601000 r--p 00000000 08:01 802269                             /usr/lib/jvm/java-7-openjdk-amd64/bin/jstat
00601000-00602000 rw-p 00001000 08:01 802269                             /usr/lib/jvm/java-7-openjdk-amd64/bin/jstat
007bc000-007dd000 rw-p 00000000 00:00 0                                  [heap]
cc000000-cd500000 rw-p 00000000 00:00 0 
cd500000-d6600000 rw-p 00000000 00:00 0 
d6600000-d6b80000 rw-p 00000000 00:00 0 
d6b80000-f2200000 rw-p 00000000 00:00 0 
f2200000-f2600000 rw-p 00000000 00:00 0 
f2600000-100000000 rw-p 00000000 00:00 0 
7f0f8fcfe000-7f0f8fcff000 ---p 00000000 00:00 0 
7f0f8fcff000-7f0f8fdff000 rw-p 00000000 00:00 0 
7f0f8fdff000-7f0f8fe00000 ---p 00000000 00:00 0 
7f0f8fe00000-7f0f8ff03000 rw-p 00000000 00:00 0                          [stack:21000]
7f0f8ff03000-7f0f8ffde000 rw-p 00000000 00:00 0 
7f0f8ffde000-7f0f8ffe9000 rw-p 00000000 00:00 0 
7f0f8ffe9000-7f0f90031000 rw-p 00000000 00:00 0 
7f0f90031000-7f0f90034000 rw-p 00000000 00:00 0 
7f0f90034000-7f0f9010f000 rw-p 00000000 00:00 0 
7f0f9010f000-7f0f90111000 rw-p 00000000 00:00 0 
7f0f90111000-7f0f9017e000 rw-p 00000000 00:00 0 
7f0f9017e000-7f0f9017f000 rw-p 00000000 00:00 0 
7f0f9017f000-7f0f903ef000 rwxp 00000000 00:00 0 
7f0f903ef000-7f0f9317f000 rw-p 00000000 00:00 0 
7f0f9317f000-7f0f93187000 r-xp 00000000 08:01 922543                     /usr/lib/jvm/java-7-openjdk-amd64/jre/lib/amd64/libzip.so
7f0f93187000-7f0f93386000 ---p 00008000 08:01 922543                     /usr/lib/jvm/java-7-openjdk-amd64/jre/lib/amd64/libzip.so
7f0f93386000-7f0f93387000 r--p 00007000 08:01 922543                     /usr/lib/jvm/java-7-openjdk-amd64/jre/lib/amd64/libzip.so
7f0f93387000-7f0f93388000 rw-p 00008000 08:01 922543                     /usr/lib/jvm/java-7-openjdk-amd64/jre/lib/amd64/libzip.so
7f0f93388000-7f0f93393000 r-xp 00000000 08:01 154309                     /lib/x86_64-linux-gnu/libnss_files-2.19.so
7f0f93393000-7f0f93592000 ---p 0000b000 08:01 154309                     /lib/x86_64-linux-gnu/libnss_files-2.19.so
7f0f93592000-7f0f93593000 r--p 0000a000 08:01 154309                     /lib/x86_64-linux-gnu/libnss_files-2.19.so
7f0f93593000-7f0f93594000 rw-p 0000b000 08:01 154309                     /lib/x86_64-linux-gnu/libnss_files-2.19.so
7f0f93594000-7f0f9359e000 r-xp 00000000 08:01 154311                     /lib/x86_64-linux-gnu/libnss_nis-2.19.so
7f0f9359e000-7f0f9379d000 ---p 0000a000 08:01 154311                     /lib/x86_64-linux-gnu/libnss_nis-2.19.so
7f0f9379d000-7f0f9379e000 r--p 00009000 08:01 154311                     /lib/x86_64-linux-gnu/libnss_nis-2.19.so
7f0f9379e000-7f0f9379f000 rw-p 0000a000 08:01 154311                     /lib/x86_64-linux-gnu/libnss_nis-2.19.so
7f0f9379f000-7f0f937b4000 r-xp 00000000 08:01 154306                     /lib/x86_64-linux-gnu/libnsl-2.19.so
7f0f937b4000-7f0f939b3000 ---p 00015000 08:01 154306                     /lib/x86_64-linux-gnu/libnsl-2.19.so
7f0f939b3000-7f0f939b4000 r--p 00014000 08:01 154306                     /lib/x86_64-linux-gnu/libnsl-2.19.so
7f0f939b4000-7f0f939b5000 rw-p 00015000 08:01 154306                     /lib/x86_64-linux-gnu/libnsl-2.19.so
7f0f939b5000-7f0f939b7000 rw-p 00000000 00:00 0 
7f0f939b7000-7f0f939be000 r-xp 00000000 08:01 154307                     /lib/x86_64-linux-gnu/libnss_compat-2.19.so
7f0f939be000-7f0f93bbd000 ---p 00007000 08:01 154307                     /lib/x86_64-linux-gnu/libnss_compat-2.19.so
7f0f93bbd000-7f0f93bbe000 r--p 00006000 08:01 154307                     /lib/x86_64-linux-gnu/libnss_compat-2.19.so
7f0f93bbe000-7f0f93bbf000 rw-p 00007000 08:01 154307                     /lib/x86_64-linux-gnu/libnss_compat-2.19.so
7f0f93bbf000-7f0f93beb000 r-xp 00000000 08:01 922515                     /usr/lib/jvm/java-7-openjdk-amd64/jre/lib/amd64/libjava.so
7f0f93beb000-7f0f93dea000 ---p 0002c000 08:01 922515                     /usr/lib/jvm/java-7-openjdk-amd64/jre/lib/amd64/libjava.so
7f0f93dea000-7f0f93deb000 r--p 0002b000 08:01 922515                     /usr/lib/jvm/java-7-openjdk-amd64/jre/lib/amd64/libjava.so
7f0f93deb000-7f0f93ded000 rw-p 0002c000 08:01 922515                     /usr/lib/jvm/java-7-openjdk-amd64/jre/lib/amd64/libjava.so
7f0f93ded000-7f0f93dfc000 r-xp 00000000 08:01 922520                     /usr/lib/jvm/java-7-openjdk-amd64/jre/lib/amd64/libverify.so
7f0f93dfc000-7f0f93ffc000 ---p 0000f000 08:01 922520                     /usr/lib/jvm/java-7-openjdk-amd64/jre/lib/amd64/libverify.so
7f0f93ffc000-7f0f93fff000 r--p 0000f000 08:01 922520                     /usr/lib/jvm/java-7-openjdk-amd64/jre/lib/amd64/libverify.so
7f0f93fff000-7f0f94000000 rw-p 00012000 08:01 922520                     /usr/lib/jvm/java-7-openjdk-amd64/jre/lib/amd64/libverify.so
7f0f94000000-7f0f9402a000 rw-p 00000000 00:00 0 
7f0f9402a000-7f0f98000000 ---p 00000000 00:00 0 
7f0f9801d000-7f0f98028000 rw-p 00000000 00:00 0 
7f0f98028000-7f0f98070000 rw-p 00000000 00:00 0 
7f0f98070000-7f0f98077000 r-xp 00000000 08:01 154315                     /lib/x86_64-linux-gnu/librt-2.19.so
7f0f98077000-7f0f98276000 ---p 00007000 08:01 154315                     /lib/x86_64-linux-gnu/librt-2.19.so
7f0f98276000-7f0f98277000 r--p 00006000 08:01 154315                     /lib/x86_64-linux-gnu/librt-2.19.so
7f0f98277000-7f0f98278000 rw-p 00007000 08:01 154315                     /lib/x86_64-linux-gnu/librt-2.19.so
7f0f98278000-7f0f9828e000 r-xp 00000000 08:01 130566                     /lib/x86_64-linux-gnu/libgcc_s.so.1
7f0f9828e000-7f0f9848d000 ---p 00016000 08:01 130566                     /lib/x86_64-linux-gnu/libgcc_s.so.1
7f0f9848d000-7f0f9848e000 rw-p 00015000 08:01 130566                     /lib/x86_64-linux-gnu/libgcc_s.so.1
7f0f9848e000-7f0f9858e000 r-xp 00000000 08:01 154304                     /lib/x86_64-linux-gnu/libm-2.19.so
7f0f9858e000-7f0f9878d000 ---p 00100000 08:01 154304                     /lib/x86_64-linux-gnu/libm-2.19.so
7f0f9878d000-7f0f9878e000 r--p 000ff000 08:01 154304                     /lib/x86_64-linux-gnu/libm-2.19.so
7f0f9878e000-7f0f9878f000 rw-p 00100000 08:01 154304                     /lib/x86_64-linux-gnu/libm-2.19.so
7f0f9878f000-7f0f9887b000 r-xp 00000000 08:01 788272                     /usr/lib/x86_64-linux-gnu/libstdc++.so.6.0.20
7f0f9887b000-7f0f98a7b000 ---p 000ec000 08:01 788272                     /usr/lib/x86_64-linux-gnu/libstdc++.so.6.0.20
7f0f98a7b000-7f0f98a83000 r--p 000ec000 08:01 788272                     /usr/lib/x86_64-linux-gnu/libstdc++.so.6.0.20
7f0f98a83000-7f0f98a85000 rw-p 000f4000 08:01 788272                     /usr/lib/x86_64-linux-gnu/libstdc++.so.6.0.20
7f0f98a85000-7f0f98a9a000 rw-p 00000000 00:00 0 
7f0f98a9a000-7f0f995ff000 r-xp 00000000 08:01 922536                     /usr/lib/jvm/java-7-openjdk-amd64/jre/lib/amd64/server/libjvm.so
7f0f995ff000-7f0f997ff000 ---p 00b65000 08:01 922536                     /usr/lib/jvm/java-7-openjdk-amd64/jre/lib/amd64/server/libjvm.so
7f0f997ff000-7f0f9989f000 r--p 00b65000 08:01 922536                     /usr/lib/jvm/java-7-openjdk-amd64/jre/lib/amd64/server/libjvm.so
7f0f9989f000-7f0f998c3000 rw-p 00c05000 08:01 922536                     /usr/lib/jvm/java-7-openjdk-amd64/jre/lib/amd64/server/libjvm.so
7f0f998c3000-7f0f998f1000 rw-p 00000000 00:00 0 
7f0f998f1000-7f0f9990b000 r-xp 00000000 08:01 130662                     /lib/x86_64-linux-gnu/libz.so.1.2.8
7f0f9990b000-7f0f99b0a000 ---p 0001a000 08:01 130662                     /lib/x86_64-linux-gnu/libz.so.1.2.8
7f0f99b0a000-7f0f99b0b000 r--p 00019000 08:01 130662                     /lib/x86_64-linux-gnu/libz.so.1.2.8
7f0f99b0b000-7f0f99b0c000 rw-p 0001a000 08:01 130662                     /lib/x86_64-linux-gnu/libz.so.1.2.8
7f0f99b0c000-7f0f99cad000 r-xp 00000000 08:01 154300                     /lib/x86_64-linux-gnu/libc-2.19.so
7f0f99cad000-7f0f99ead000 ---p 001a1000 08:01 154300                     /lib/x86_64-linux-gnu/libc-2.19.so
7f0f99ead000-7f0f99eb1000 r--p 001a1000 08:01 154300                     /lib/x86_64-linux-gnu/libc-2.19.so
7f0f99eb1000-7f0f99eb3000 rw-p 001a5000 08:01 154300                     /lib/x86_64-linux-gnu/libc-2.19.so
7f0f99eb3000-7f0f99eb7000 rw-p 00000000 00:00 0 
7f0f99eb7000-7f0f99eba000 r-xp 00000000 08:01 154303                     /lib/x86_64-linux-gnu/libdl-2.19.so
7f0f99eba000-7f0f9a0b9000 ---p 00003000 08:01 154303                     /lib/x86_64-linux-gnu/libdl-2.19.so
7f0f9a0b9000-7f0f9a0ba000 r--p 00002000 08:01 154303                     /lib/x86_64-linux-gnu/libdl-2.19.so
7f0f9a0ba000-7f0f9a0bb000 rw-p 00003000 08:01 154303                     /lib/x86_64-linux-gnu/libdl-2.19.so
7f0f9a0bb000-7f0f9a0c8000 r-xp 00000000 08:01 922529                     /usr/lib/jvm/java-7-openjdk-amd64/jre/lib/amd64/jli/libjli.so
7f0f9a0c8000-7f0f9a2c7000 ---p 0000d000 08:01 922529                     /usr/lib/jvm/java-7-openjdk-amd64/jre/lib/amd64/jli/libjli.so
7f0f9a2c7000-7f0f9a2c8000 r--p 0000c000 08:01 922529                     /usr/lib/jvm/java-7-openjdk-amd64/jre/lib/amd64/jli/libjli.so
7f0f9a2c8000-7f0f9a2c9000 rw-p 0000d000 08:01 922529                     /usr/lib/jvm/java-7-openjdk-amd64/jre/lib/amd64/jli/libjli.so
7f0f9a2c9000-7f0f9a2e1000 r-xp 00000000 08:01 154296                     /lib/x86_64-linux-gnu/libpthread-2.19.so
7f0f9a2e1000-7f0f9a4e0000 ---p 00018000 08:01 154296                     /lib/x86_64-linux-gnu/libpthread-2.19.so
7f0f9a4e0000-7f0f9a4e1000 r--p 00017000 08:01 154296                     /lib/x86_64-linux-gnu/libpthread-2.19.so
7f0f9a4e1000-7f0f9a4e2000 rw-p 00018000 08:01 154296                     /lib/x86_64-linux-gnu/libpthread-2.19.so
7f0f9a4e2000-7f0f9a4e6000 rw-p 00000000 00:00 0 
7f0f9a4e6000-7f0f9a507000 r-xp 00000000 08:01 154297                     /lib/x86_64-linux-gnu/ld-2.19.so
7f0f9a525000-7f0f9a52f000 rw-p 00000000 00:00 0 
7f0f9a52f000-7f0f9a5e5000 rw-p 00000000 00:00 0 
7f0f9a5e5000-7f0f9a5e8000 ---p 00000000 00:00 0 
7f0f9a5e8000-7f0f9a6eb000 rw-p 00000000 00:00 0                          [stack:20999]
7f0f9a6f8000-7f0f9a6fa000 rw-p 00000000 00:00 0 
7f0f9a6fa000-7f0f9a702000 rw-s 00000000 08:01 547472                     /tmp/hsperfdata_cleber/20998
7f0f9a702000-7f0f9a703000 rw-p 00000000 00:00 0 
7f0f9a703000-7f0f9a704000 r--p 00000000 00:00 0 
7f0f9a704000-7f0f9a706000 rw-p 00000000 00:00 0 
7f0f9a706000-7f0f9a707000 r--p 00020000 08:01 154297                     /lib/x86_64-linux-gnu/ld-2.19.so
7f0f9a707000-7f0f9a708000 rw-p 00021000 08:01 154297                     /lib/x86_64-linux-gnu/ld-2.19.so
7f0f9a708000-7f0f9a709000 rw-p 00000000 00:00 0 
7ffea4c06000-7ffea4c27000 rw-p 00000000 00:00 0                          [stack]
7ffea4c3c000-7ffea4c3e000 r-xp 00000000 00:00 0                          [vdso]
7ffea4c3e000-7ffea4c40000 r--p 00000000 00:00 0                          [vvar]
ffffffffff600000-ffffffffff601000 r-xp 00000000 00:00 0                  [vsyscall]

VM Arguments:
jvm_args: -Dapplication.home=/usr/lib/jvm/java-7-openjdk-amd64 -Xms8m 
java_command: sun.tools.jstat.Jstat -gc Error
Launcher Type: SUN_STANDARD

Environment Variables:
PATH=/usr/local/bin:/usr/bin:/bin:/usr/local/games:/usr/games
SHELL=/bin/bash
DISPLAY=localhost:10.0

Signal Handlers:
SIGSEGV: [libjvm.so+0x995a50], sa_mask[0]=0x7ffbfeff, sa_flags=0x10000004
SIGBUS: [libjvm.so+0x995a50], sa_mask[0]=0x7ffbfeff, sa_flags=0x10000004
SIGFPE: [libjvm.so+0x7ff6e0], sa_mask[0]=0x7ffbfeff, sa_flags=0x10000004
SIGPIPE: [libjvm.so+0x7ff6e0], sa_mask[0]=0x7ffbfeff, sa_flags=0x10000004
SIGXFSZ: [libjvm.so+0x7ff6e0], sa_mask[0]=0x7ffbfeff, sa_flags=0x10000004
SIGILL: [libjvm.so+0x7ff6e0], sa_mask[0]=0x7ffbfeff, sa_flags=0x10000004
SIGUSR1: SIG_DFL, sa_mask[0]=0x00000000, sa_flags=0x00000000
SIGUSR2: [libjvm.so+0x7ff810], sa_mask[0]=0x00000000, sa_flags=0x10000004
SIGHUP: SIG_DFL, sa_mask[0]=0x00000000, sa_flags=0x00000000
SIGINT: SIG_DFL, sa_mask[0]=0x00000000, sa_flags=0x00000000
SIGTERM: SIG_DFL, sa_mask[0]=0x00000000, sa_flags=0x00000000
SIGQUIT: SIG_DFL, sa_mask[0]=0x00000000, sa_flags=0x00000000
SIGTRAP: SIG_DFL, sa_mask[0]=0x00000000, sa_flags=0x00000000


---------------  S Y S T E M  ---------------

OS:8.9

uname:Linux 3.16.0-4-amd64 #1 SMP Debian 3.16.43-2+deb8u5 (2017-09-19) x86_64
libc:glibc 2.19 NPTL 2.19 
rlimit: STACK 8192k, CORE 0k, NPROC 7920, NOFILE 65536, AS infinity
load average:9.37 6.70 2.71

/proc/meminfo:
MemTotal:        2044856 kB
MemFree:          516252 kB
MemAvailable:     601424 kB
Buffers:           26672 kB
Cached:           172000 kB
SwapCached:            0 kB
Active:          1141440 kB
Inactive:         111912 kB
Active(anon):    1055432 kB
Inactive(anon):     9360 kB
Active(file):      86008 kB
Inactive(file):   102552 kB
Unevictable:           0 kB
Mlocked:               0 kB
SwapTotal:        731132 kB
SwapFree:         731132 kB
Dirty:               348 kB
Writeback:             0 kB
AnonPages:       1054672 kB
Mapped:            83676 kB
Shmem:             10116 kB
Slab:              78108 kB
SReclaimable:      18468 kB
SUnreclaim:        59640 kB
KernelStack:      133104 kB
PageTables:        26220 kB
NFS_Unstable:          0 kB
Bounce:                0 kB
WritebackTmp:          0 kB
CommitLimit:     1753560 kB
Committed_AS:    9604228 kB
VmallocTotal:   34359738367 kB
VmallocUsed:      159588 kB
VmallocChunk:   34359576336 kB
HardwareCorrupted:     0 kB
AnonHugePages:         0 kB
HugePages_Total:       0
HugePages_Free:        0
HugePages_Rsvd:        0
HugePages_Surp:        0
Hugepagesize:       2048 kB
DirectMap4k:       59264 kB
DirectMap2M:     2037760 kB
DirectMap1G:           0 kB


CPU:total 2 (initial active 2) (1 cores per cpu, 1 threads per core) family 6 model 63 stepping 2, cmov, cx8, fxsr, mmx, sse, sse2, sse3, ssse3, sse4.1, sse4.2, popcnt, avx, avx2, aes, erms, tsc, tscinvbit

/proc/cpuinfo:
processor	: 0
vendor_id	: GenuineIntel
cpu family	: 6
model		: 63
model name	: Intel(R) Xeon(R) CPU E5-2640 v3 @ 2.60GHz
stepping	: 2
microcode	: 0x35
cpu MHz		: 2599.998
cache size	: 20480 KB
physical id	: 0
siblings	: 1
core id		: 0
cpu cores	: 1
apicid		: 0
initial apicid	: 0
fpu		: yes
fpu_exception	: yes
cpuid level	: 15
wp		: yes
flags		: fpu vme de pse tsc msr pae mce cx8 apic sep mtrr pge mca cmov pat pse36 clflush dts mmx fxsr sse sse2 ss syscall nx pdpe1gb rdtscp lm constant_tsc arch_perfmon pebs bts nopl xtopology tsc_reliable nonstop_tsc aperfmperf eagerfpu pni pclmulqdq ssse3 fma cx16 pcid sse4_1 sse4_2 x2apic movbe popcnt tsc_deadline_timer aes xsave avx f16c rdrand hypervisor lahf_lm abm ida arat epb xsaveopt pln pts dtherm fsgsbase tsc_adjust bmi1 avx2 smep bmi2 invpcid
bogomips	: 5199.99
clflush size	: 64
cache_alignment	: 64
address sizes	: 42 bits physical, 48 bits virtual
power management:

processor	: 1
vendor_id	: GenuineIntel
cpu family	: 6
model		: 63
model name	: Intel(R) Xeon(R) CPU E5-2640 v3 @ 2.60GHz
stepping	: 2
microcode	: 0x35
cpu MHz		: 2599.998
cache size	: 20480 KB
physical id	: 2
siblings	: 1
core id		: 0
cpu cores	: 1
apicid		: 2
initial apicid	: 2
fpu		: yes
fpu_exception	: yes
cpuid level	: 15
wp		: yes
flags		: fpu vme de pse tsc msr pae mce cx8 apic sep mtrr pge mca cmov pat pse36 clflush dts mmx fxsr sse sse2 ss syscall nx pdpe1gb rdtscp lm constant_tsc arch_perfmon pebs bts nopl xtopology tsc_reliable nonstop_tsc aperfmperf eagerfpu pni pclmulqdq ssse3 fma cx16 pcid sse4_1 sse4_2 x2apic movbe popcnt tsc_deadline_timer aes xsave avx f16c rdrand hypervisor lahf_lm abm ida arat epb xsaveopt pln pts dtherm fsgsbase tsc_adjust bmi1 avx2 smep bmi2 invpcid
bogomips	: 5199.99
clflush size	: 64
cache_alignment	: 64
address sizes	: 42 bits physical, 48 bits virtual
power management:



Memory: 4k page, physical 2044856k(516252k free), swap 731132k(731132k free)

vm_info: OpenJDK 64-Bit Server VM (24.151-b01) for linux-amd64 JRE (1.7.0_151-b01), built on Aug 24 2017 13:10:00 by "jmm" with gcc 4.9.2

time: Fri Aug 31 15:46:15 2018
elapsed time: 0 seconds

