45218  RunJaCaMoProject                      7        7       0       0     58
44190  169                                 169        0       0       0      0
45218  RunJaCaMoProject                      7        7       0       0      0
45224  Launcher                              6        6       0       0     68
44190  169                                 169        0       0       0      0
45218  RunJaCaMoProject                      7        7       0       0      0
45224  Launcher                             12       12       0       0     91
44190  169                                 169        0       0       0      0
45218  RunJaCaMoProject                      7        7       0       0      0
45224  Launcher                             21       21       0       0     26
45352  JaCaMoLauncher                        7        7       0       0     80
44190  169                                 169        0       0       0      0
45218  RunJaCaMoProject                      7        7       0       0      0
45224  Launcher                             21       21       0       0      0
45352  JaCaMoLauncher                        9        9       0       0     71
44190  169                                 169        0       0       0      0
45218  RunJaCaMoProject                      7        7       0       0      0
45224  Launcher                             21       21       0       0      0
45352  JaCaMoLauncher                       18       18       0       0     58
44190  169                                 169        0       0       0      0
45218  RunJaCaMoProject                      7        7       0       0      0
45224  Launcher                             21       21       0       0      1
45352  JaCaMoLauncher                       23       23       0       0     25
44190  169                                 169        0       0       0      0
45218  RunJaCaMoProject                      7        7       0       0      0
45224  Launcher                             21       21       0       0      0
45352  JaCaMoLauncher                        9       23       0       0     51
44190  169                                 169        0       0       0      0
45218  RunJaCaMoProject                      7        7       0       0      0
45224  Launcher                             21       21       0       0      0
45352  JaCaMoLauncher                       18       23       0       0     45
44190  169                                 169        0       0       0      0
45218  RunJaCaMoProject                      7        7       0       0      0
45224  Launcher                             21       21       0       0      0
45352  JaCaMoLauncher                       28       28       0       0      7
44190  169                                 169        0       0       0      0
45218  RunJaCaMoProject                      7        7       0       0      0
45224  Launcher                             21       21       0       0      0
45352  JaCaMoLauncher                       35       35       0       0      2
44190  169                                 169        0       0       0      0
45218  RunJaCaMoProject                      7        7       0       0      0
45224  Launcher                             21       21       0       0      0
45352  JaCaMoLauncher                       45       45       0       0     27
44190  169                                 169        0       0       0      0
45218  RunJaCaMoProject                      7        7       0       0      0
45224  Launcher                             21       21       0       0      0
45352  JaCaMoLauncher                       19       45       0       0     55
44190  169                                 169        0       0       0      0
45218  RunJaCaMoProject                      7        7       0       0      0
45224  Launcher                             21       21       0       0      0
45352  JaCaMoLauncher                       30       45       0       0     11
44190  169                                 169        0       0       0      0
45218  RunJaCaMoProject                      7        7       0       0      0
45224  Launcher                             21       21       0       0      5
45352  JaCaMoLauncher                       43       45       0       0    127
44190  169                                 169        0       0       0      0
45218  RunJaCaMoProject                      7        7       0       0      0
45224  Launcher                             22       22       0       0      0
45352  JaCaMoLauncher                       46       46       0       0    154
44190  169                                 169        0       0       0      0
45218  RunJaCaMoProject                      7        7       0       0      0
45224  Launcher                             22       22       0       0      0
45352  JaCaMoLauncher                       53       53       0       0    154
44190  169                                 169        0       0       0      0
45218  RunJaCaMoProject                      8        8       0       0      0
45224  Launcher                             22       22       0       0      0
45352  JaCaMoLauncher                       21       53       0       0    154
44190  169                                 169        0       0       0      0
45218  RunJaCaMoProject                      8        8       0       0      0
45224  Launcher                             22       22       0       0      0
45352  JaCaMoLauncher                       27       53       0       0    143
44190  169                                 169        0       0       0      0
45218  RunJaCaMoProject                      8        8       0       0      0
45224  Launcher                             22       22       0       0      0
45352  JaCaMoLauncher                       33       53       0       0    162
44190  169                                 169        0       0       0      0
45218  RunJaCaMoProject                      8        8       0       0      0
45224  Launcher                             22       22       0       0      0
45352  JaCaMoLauncher                       39       53       0       0    149
44190  169                                 169        0       0       0      0
45218  RunJaCaMoProject                      8        8       0       0      0
45224  Launcher                             22       22       0       0      0
45352  JaCaMoLauncher                       45       53       0       0    156
44190  169                                 169        0       0       0      0
45218  RunJaCaMoProject                      8        8       0       0      0
45224  Launcher                             22       22       0       0      0
45352  JaCaMoLauncher                       50       53       0       0    125
44190  176                                 176        0       0      13      0
45218  RunJaCaMoProject                      8        8       0       0      0
45224  Launcher                             23       23       0       0      0
45352  JaCaMoLauncher                       56       56       0       0    162
44190  176                                 176        0       0       0      0
45218  RunJaCaMoProject                      8        8       0       0      0
45224  Launcher                             23       23       0       0      0
45352  JaCaMoLauncher                       15       56       0       0    157
44190  176                                 176        0       0       0      0
45218  RunJaCaMoProject                      8        8       0       0      0
45224  Launcher                             23       23       0       0      0
45352  JaCaMoLauncher                       25       56       0       0    167
44190  176                                 176        0       0       0      0
45218  RunJaCaMoProject                      8        8       0       0      0
45224  Launcher                             23       23       0       0      0
45352  JaCaMoLauncher                       31       56       0       0    147
44190  176                                 176        0       0       0      0
45218  RunJaCaMoProject                      8        8       0       0      0
45224  Launcher                             23       23       0       0      0
45352  JaCaMoLauncher                       34       56       0       0    150
44190  176                                 176        0       0       0      0
45218  RunJaCaMoProject                      8        8       0       0      0
45224  Launcher                             23       23       0       0      0
45352  JaCaMoLauncher                       38       56       0       0    153
44190  176                                 176        0       0       0      0
45218  RunJaCaMoProject                      8        8       0       0      0
45224  Launcher                             23       23       0       0      0
45352  JaCaMoLauncher                       43       56       0       0    155
44190  176                                 176        0       0       0      0
45218  RunJaCaMoProject                      8        8       0       0      0
45224  Launcher                             23       23       0       0      0
45352  JaCaMoLauncher                       49       56       0       0    132
44190  176                                 176        0       0       0      0
45218  RunJaCaMoProject                      8        8       0       0      0
45224  Launcher                             23       23       0       0      0
45352  JaCaMoLauncher                       55       56       0       0    155
44190  176                                 176        0       0       0      0
45218  RunJaCaMoProject                      8        8       0       0      0
45224  Launcher                             23       23       0       0      0
45352  JaCaMoLauncher                       60       60       0       0    156
44190  176                                 176        0       0       0      0
45218  RunJaCaMoProject                      8        8       0       0      0
45224  Launcher                              0       23       0       0      0
45352  JaCaMoLauncher                        0       60       0       0      0
44190  176                                 176        0       0       0      0
44190  176                                 176        0       0       0      0
44190  176                                 176        0       0       0      0
44190  176                                 176        0       0       0      0
44190  176                                 176        0       0       0      0
44190  176                                 176        0       0       0      0
44190  176                                 176        0       0       0      0
