JaCaMo home is /home/cleber/jacamo-0.7
JDK_HOME is not properly set!
file camelArtifactExample.jcm parsed successfully!

Executing /usr/lib/jvm/java-8-openjdk-amd64/bin/java -classpath /home/cleber/jacamo-0.7/libs/ant-launcher-1.10.1.jar org.apache.tools.ant.launch.Launcher -e -f bin/camelArtifactExample.xml run
Buildfile: /home/cleber/Projetos/camel-artifact/camelArtifactExample/bin/camelArtifactExample.xml

init:

user-init:

compile:
Compiling 3 source files to /home/cleber/Projetos/camel-artifact/camelArtifactExample/bin/classes

run:
Running project camelArtifactExample
CArtAgO Http Server running on http://191.36.8.42:3273
Jason Http Server running on http://191.36.8.42:3272
217 [Thread-1] INFO org.apache.camel.impl.DefaultCamelContext - Apache Camel 2.17.2 (CamelContext: camel-1) is starting
219 [Thread-1] INFO org.apache.camel.management.ManagedManagementStrategy - JMX is enabled
[ArtifactC] Starting camel... (context: CamelContext(camel-1) route definitions: [Route[[From[artifact:cartago]] -> [InterceptSendToEndpoint[mqtt:mytest?host=tcp://broker.mqttdashboard.com:1883&publishTopicName=camelArtifactC&mqttQosPropertyName=ExactlyOnce -> [When[{simple{${body}} contains ArtifactB} -> []]]], InterceptSendToEndpoint[mqtt:mytest?host=tcp://broker.mqttdashboard.com:1883&publishTopicName=camelArtifactB&mqttQosPropertyName=ExactlyOnce -> [When[{simple{${body}} contains ArtifactC} -> []]]], process[Processor@0x4d2f69f5], To[mqtt:mytest?host=tcp://broker.mqttdashboard.com:1883&publishTopicName=camelArtifactB&mqttQosPropertyName=ExactlyOnce], To[mqtt:mytest?host=tcp://broker.mqttdashboard.com:1883&publishTopicName=camelArtifactC&mqttQosPropertyName=ExactlyOnce], To[log:CamelArtifactLoggerOut?level=info]]], Route[[From[mqtt:camelArtifact?host=tcp://broker.mqttdashboard.com:1883&subscribeTopicName=camelArtifactB&mqttQosPropertyName=ExactlyOnce]] -> [InterceptSendToEndpoint[mqtt:mytest?host=tcp://broker.mqttdashboard.com:1883&publishTopicName=camelArtifactC&mqttQosPropertyName=ExactlyOnce -> [When[{simple{${body}} contains ArtifactB} -> []]]], InterceptSendToEndpoint[mqtt:mytest?host=tcp://broker.mqttdashboard.com:1883&publishTopicName=camelArtifactB&mqttQosPropertyName=ExactlyOnce -> [When[{simple{${body}} contains ArtifactC} -> []]]], Transform[{simple{${body}}}], process[Processor@0x6a234cfb], To[artifact:cartago], To[log:CamelArtifactLoggerOut?level=info]]], Route[[From[mqtt:camelArtifact?host=tcp://broker.mqttdashboard.com:1883&subscribeTopicName=camelArtifactC&mqttQosPropertyName=ExactlyOnce]] -> [InterceptSendToEndpoint[mqtt:mytest?host=tcp://broker.mqttdashboard.com:1883&publishTopicName=camelArtifactC&mqttQosPropertyName=ExactlyOnce -> [When[{simple{${body}} contains ArtifactB} -> []]]], InterceptSendToEndpoint[mqtt:mytest?host=tcp://broker.mqttdashboard.com:1883&publishTopicName=camelArtifactB&mqttQosPropertyName=ExactlyOnce -> [When[{simple{${body}} contains ArtifactC} -> []]]], process[Processor@0x90691ba], To[artifact:cartago], To[log:CamelArtifactLoggerOut?level=info]]]]) 
421 [Thread-1] INFO org.apache.camel.impl.converter.DefaultTypeConverter - Loaded 184 type converters
471 [Thread-1] INFO org.apache.camel.impl.DefaultRuntimeEndpointRegistry - Runtime endpoint registry is in extended mode gathering usage statistics of all incoming and outgoing endpoints (cache limit: 1000)
DEBUG: uriContextPath:://cartago
DEBUG: uriContextPathLessColonSlashs:cartago
692 [Thread-1] INFO org.apache.camel.impl.DefaultCamelContext - AllowUseOriginalMessage is enabled. If access to the original message is not needed, then its recommended to turn this option off as it may improve performance.
692 [Thread-1] INFO org.apache.camel.impl.DefaultCamelContext - StreamCaching is not in use. If using streams then its recommended to enable stream caching. See more details at http://camel.apache.org/stream-caching.html
787 [Thread-1] INFO org.apache.camel.component.mqtt.MQTTEndpoint - Connecting to tcp://broker.mqttdashboard.com:1883 using 10 seconds timeout
1668 [hawtdispatch-DEFAULT-2] WARN org.apache.camel.component.mqtt.MQTTEndpoint - No topic subscriptions were specified in configuration
1670 [Thread-1] INFO org.apache.camel.component.mqtt.MQTTEndpoint - Connecting to tcp://broker.mqttdashboard.com:1883 using 10 seconds timeout
1670 [hawtdispatch-DEFAULT-2] INFO org.apache.camel.component.mqtt.MQTTEndpoint - MQTT Connection connected to tcp://broker.mqttdashboard.com:1883
2217 [hawtdispatch-DEFAULT-1] WARN org.apache.camel.component.mqtt.MQTTEndpoint - No topic subscriptions were specified in configuration
2217 [hawtdispatch-DEFAULT-1] INFO org.apache.camel.component.mqtt.MQTTEndpoint - MQTT Connection connected to tcp://broker.mqttdashboard.com:1883
2280 [Thread-1] INFO org.apache.camel.impl.DefaultCamelContext - Route: route1 started and consuming from: Endpoint[artifact://cartago]
2281 [Thread-1] INFO org.apache.camel.component.mqtt.MQTTEndpoint - Connecting to tcp://broker.mqttdashboard.com:1883 using 10 seconds timeout
TRACE: Creating artifact producer endpoint...
INFO: Artifact producer endpoint created successfully!
TRACE: Creating artifact producer endpoint...
INFO: Artifact producer endpoint created successfully!
2820 [hawtdispatch-DEFAULT-2] INFO org.apache.camel.component.mqtt.MQTTEndpoint - MQTT Connection connected to tcp://broker.mqttdashboard.com:1883
3091 [Thread-1] INFO org.apache.camel.impl.DefaultCamelContext - Route: route2 started and consuming from: Endpoint[mqtt:camelArtifact?host=tcp://broker.mqttdashboard.com:1883&subscribeTopicName=camelArtifactB&mqttQosPropertyName=ExactlyOnce]
3094 [Thread-1] INFO org.apache.camel.component.mqtt.MQTTEndpoint - Connecting to tcp://broker.mqttdashboard.com:1883 using 10 seconds timeout
3727 [hawtdispatch-DEFAULT-1] INFO org.apache.camel.component.mqtt.MQTTEndpoint - MQTT Connection connected to tcp://broker.mqttdashboard.com:1883
3993 [Thread-1] INFO org.apache.camel.impl.DefaultCamelContext - Route: route3 started and consuming from: Endpoint[mqtt:camelArtifact?host=tcp://broker.mqttdashboard.com:1883&subscribeTopicName=camelArtifactC&mqttQosPropertyName=ExactlyOnce]
3994 [Thread-1] INFO org.apache.camel.impl.DefaultCamelContext - Total 3 routes, of which 3 are started.
3998 [Thread-1] INFO org.apache.camel.impl.DefaultCamelContext - Apache Camel 2.17.2 (CamelContext: camel-1) started in 3.776 seconds
[ArtifactC] Starting artifact...
4358 [Thread-11] INFO org.apache.camel.impl.DefaultCamelContext - Apache Camel 2.17.2 (CamelContext: camel-2) is starting
4358 [Thread-11] INFO org.apache.camel.management.ManagedManagementStrategy - JMX is enabled
4365 [Thread-11] INFO org.apache.camel.impl.converter.DefaultTypeConverter - Loaded 184 type converters
4369 [Thread-11] INFO org.apache.camel.impl.DefaultRuntimeEndpointRegistry - Runtime endpoint registry is in extended mode gathering usage statistics of all incoming and outgoing endpoints (cache limit: 1000)
4383 [Thread-11] INFO org.apache.camel.impl.DefaultCamelContext - AllowUseOriginalMessage is enabled. If access to the original message is not needed, then its recommended to turn this option off as it may improve performance.
4383 [Thread-11] INFO org.apache.camel.impl.DefaultCamelContext - StreamCaching is not in use. If using streams then its recommended to enable stream caching. See more details at http://camel.apache.org/stream-caching.html
4385 [Thread-11] INFO org.apache.camel.component.mqtt.MQTTEndpoint - Connecting to tcp://broker.mqttdashboard.com:1883 using 10 seconds timeout
[ArtifactA0] Starting camel... (context: CamelContext(camel-2) route definitions: [Route[[From[artifact:cartago]] -> [process[Processor@0x921af53], To[mqtt:mytest?host=tcp://broker.mqttdashboard.com:1883&publishTopicName=camelArtifactA&mqttQosPropertyName=ExactlyOnce], To[log:CamelArtifactLoggerOut?level=info]]], Route[[From[mqtt:camelArtifact?host=tcp://broker.mqttdashboard.com:1883&subscribeTopicName=camelArtifactA&mqttQosPropertyName=ExactlyOnce]] -> [Transform[{simple{${body}}}], process[Processor@0x4c232013], To[artifact:cartago], To[log:CamelArtifactLoggerOut?level=info]]]]) 
DEBUG: uriContextPath:://cartago
DEBUG: uriContextPathLessColonSlashs:cartago
DEBUG: uriContextPath:://cartago
DEBUG: uriContextPathLessColonSlashs:cartago
4922 [hawtdispatch-DEFAULT-2] WARN org.apache.camel.component.mqtt.MQTTEndpoint - No topic subscriptions were specified in configuration
4923 [hawtdispatch-DEFAULT-2] INFO org.apache.camel.component.mqtt.MQTTEndpoint - MQTT Connection connected to tcp://broker.mqttdashboard.com:1883
4986 [Thread-11] INFO org.apache.camel.impl.DefaultCamelContext - Route: route4 started and consuming from: Endpoint[artifact://cartago]
TRACE: Creating artifact producer endpoint...
INFO: Artifact producer endpoint created successfully!
4992 [Thread-11] INFO org.apache.camel.component.mqtt.MQTTEndpoint - Connecting to tcp://broker.mqttdashboard.com:1883 using 10 seconds timeout
5521 [hawtdispatch-DEFAULT-1] INFO org.apache.camel.component.mqtt.MQTTEndpoint - MQTT Connection connected to tcp://broker.mqttdashboard.com:1883
5785 [Thread-11] INFO org.apache.camel.impl.DefaultCamelContext - Route: route5 started and consuming from: Endpoint[mqtt:camelArtifact?host=tcp://broker.mqttdashboard.com:1883&subscribeTopicName=camelArtifactA&mqttQosPropertyName=ExactlyOnce]
5785 [Thread-11] INFO org.apache.camel.impl.DefaultCamelContext - Total 2 routes, of which 2 are started.
5786 [Thread-11] INFO org.apache.camel.impl.DefaultCamelContext - Apache Camel 2.17.2 (CamelContext: camel-2) started in 1.428 seconds
[ArtifactA0] Starting artifact...
TRACE: (ArtifactA0) Camel Artifact 'listenCamelRoutes' is true
DEBUG: Listening by reading the incoming queue...
TRACE: (ArtifactC) Camel Artifact 'listenCamelRoutes' is true
DEBUG: Listening by reading the incoming queue...
java.lang.reflect.InvocationTargetException
	at sun.reflect.NativeMethodAccessorImpl.invoke0(Native Method)
	at sun.reflect.NativeMethodAccessorImpl.invoke(NativeMethodAccessorImpl.java:62)
	at sun.reflect.DelegatingMethodAccessorImpl.invoke(DelegatingMethodAccessorImpl.java:43)
	at java.lang.reflect.Method.invoke(Method.java:498)
	at cartago.ArtifactOpMethod.exec(ArtifactOpMethod.java:39)
	at cartago.Artifact.doOperation(Artifact.java:407)
	at cartago.Artifact.access$200(Artifact.java:32)
	at cartago.Artifact$ArtifactAdapter.doOperation(Artifact.java:1275)
	at cartago.WorkspaceKernel.serveOperation(WorkspaceKernel.java:1136)
	at cartago.WorkspaceKernel.access$000(WorkspaceKernel.java:48)
	at cartago.WorkspaceKernel$EnvironmentController.run(WorkspaceKernel.java:1477)
Caused by: cartago.OperationException: op failed.
	at cartago.Artifact.execLinkedOp(Artifact.java:902)
	at artifacts.ArtifactB.sendKA(ArtifactB.java:46)
	... 11 more
java.lang.reflect.InvocationTargetException
	at sun.reflect.NativeMethodAccessorImpl.invoke0(Native Method)
	at sun.reflect.NativeMethodAccessorImpl.invoke(NativeMethodAccessorImpl.java:62)
	at sun.reflect.DelegatingMethodAccessorImpl.invoke(DelegatingMethodAccessorImpl.java:43)
	at java.lang.reflect.Method.invoke(Method.java:498)
	at cartago.ArtifactOpMethod.exec(ArtifactOpMethod.java:39)
	at cartago.Artifact.doOperation(Artifact.java:407)
	at cartago.Artifact.access$200(Artifact.java:32)
	at cartago.Artifact$ArtifactAdapter.doOperation(Artifact.java:1275)
	at cartago.WorkspaceKernel.serveOperation(WorkspaceKernel.java:1136)
	at cartago.WorkspaceKernel.access$000(WorkspaceKernel.java:48)
	at cartago.WorkspaceKernel$EnvironmentController.run(WorkspaceKernel.java:1477)
Caused by: cartago.OperationException: op failed.
	at cartago.Artifact.execLinkedOp(Artifact.java:902)
	at artifacts.ArtifactB.sendKA(ArtifactB.java:46)
	... 11 more
java.lang.reflect.InvocationTargetException
	at sun.reflect.NativeMethodAccessorImpl.invoke0(Native Method)
	at sun.reflect.NativeMethodAccessorImpl.invoke(NativeMethodAccessorImpl.java:62)
	at sun.reflect.DelegatingMethodAccessorImpl.invoke(DelegatingMethodAccessorImpl.java:43)
	at java.lang.reflect.Method.invoke(Method.java:498)
	at cartago.ArtifactOpMethod.exec(ArtifactOpMethod.java:39)
	at cartago.Artifact.doOperation(Artifact.java:407)
	at cartago.Artifact.access$200(Artifact.java:32)
	at cartago.Artifact$ArtifactAdapter.doOperation(Artifact.java:1275)
	at cartago.WorkspaceKernel.serveOperation(WorkspaceKernel.java:1136)
	at cartago.WorkspaceKernel.access$000(WorkspaceKernel.java:48)
	at cartago.WorkspaceKernel$EnvironmentController.run(WorkspaceKernel.java:1477)
Caused by: cartago.OperationException: op failed.
	at cartago.Artifact.execLinkedOp(Artifact.java:902)
	at artifacts.ArtifactB.sendKA(ArtifactB.java:46)
	... 11 more
java.lang.reflect.InvocationTargetException
	at sun.reflect.NativeMethodAccessorImpl.invoke0(Native Method)
	at sun.reflect.NativeMethodAccessorImpl.invoke(NativeMethodAccessorImpl.java:62)
	at sun.reflect.DelegatingMethodAccessorImpl.invoke(DelegatingMethodAccessorImpl.java:43)
	at java.lang.reflect.Method.invoke(Method.java:498)
	at cartago.ArtifactOpMethod.exec(ArtifactOpMethod.java:39)
	at cartago.Artifact.doOperation(Artifact.java:407)
	at cartago.Artifact.access$200(Artifact.java:32)
	at cartago.Artifact$ArtifactAdapter.doOperation(Artifact.java:1275)
	at cartago.WorkspaceKernel.serveOperation(WorkspaceKernel.java:1136)
	at cartago.WorkspaceKernel.access$000(WorkspaceKernel.java:48)
	at cartago.WorkspaceKernel$EnvironmentController.run(WorkspaceKernel.java:1477)
Caused by: cartago.OperationException: op failed.
	at cartago.Artifact.execLinkedOp(Artifact.java:902)
	at artifacts.ArtifactB.sendKA(ArtifactB.java:46)
	... 11 more
java.lang.reflect.InvocationTargetException
	at sun.reflect.NativeMethodAccessorImpl.invoke0(Native Method)
	at sun.reflect.NativeMethodAccessorImpl.invoke(NativeMethodAccessorImpl.java:62)
	at sun.reflect.DelegatingMethodAccessorImpl.invoke(DelegatingMethodAccessorImpl.java:43)
	at java.lang.reflect.Method.invoke(Method.java:498)
	at cartago.ArtifactOpMethod.exec(ArtifactOpMethod.java:39)
	at cartago.Artifact.doOperation(Artifact.java:407)
	at cartago.Artifact.access$200(Artifact.java:32)
	at cartago.Artifact$ArtifactAdapter.doOperation(Artifact.java:1275)
	at cartago.WorkspaceKernel.serveOperation(WorkspaceKernel.java:1136)
	at cartago.WorkspaceKernel.access$000(WorkspaceKernel.java:48)
	at cartago.WorkspaceKernel$EnvironmentController.run(WorkspaceKernel.java:1477)
Caused by: cartago.OperationException: op failed.
	at cartago.Artifact.execLinkedOp(Artifact.java:902)
	at artifacts.ArtifactB.sendKA(ArtifactB.java:46)
	... 11 more
java.lang.reflect.InvocationTargetException
	at sun.reflect.NativeMethodAccessorImpl.invoke0(Native Method)
	at sun.reflect.NativeMethodAccessorImpl.invoke(NativeMethodAccessorImpl.java:62)
	at sun.reflect.DelegatingMethodAccessorImpl.invoke(DelegatingMethodAccessorImpl.java:43)
	at java.lang.reflect.Method.invoke(Method.java:498)
	at cartago.ArtifactOpMethod.exec(ArtifactOpMethod.java:39)
	at cartago.Artifact.doOperation(Artifact.java:407)
	at cartago.Artifact.access$200(Artifact.java:32)
	at cartago.Artifact$ArtifactAdapter.doOperation(Artifact.java:1275)
	at cartago.WorkspaceKernel.serveOperation(WorkspaceKernel.java:1136)
	at cartago.WorkspaceKernel.access$000(WorkspaceKernel.java:48)
	at cartago.WorkspaceKernel$EnvironmentController.run(WorkspaceKernel.java:1477)
Caused by: cartago.OperationException: op failed.
	at cartago.Artifact.execLinkedOp(Artifact.java:902)
	at artifacts.ArtifactB.sendKA(ArtifactB.java:46)
	... 11 more
java.lang.reflect.InvocationTargetException
	at sun.reflect.NativeMethodAccessorImpl.invoke0(Native Method)
	at sun.reflect.NativeMethodAccessorImpl.invoke(NativeMethodAccessorImpl.java:62)
	at sun.reflect.DelegatingMethodAccessorImpl.invoke(DelegatingMethodAccessorImpl.java:43)
	at java.lang.reflect.Method.invoke(Method.java:498)
	at cartago.ArtifactOpMethod.exec(ArtifactOpMethod.java:39)
	at cartago.Artifact.doOperation(Artifact.java:407)
	at cartago.Artifact.access$200(Artifact.java:32)
	at cartago.Artifact$ArtifactAdapter.doOperation(Artifact.java:1275)
	at cartago.WorkspaceKernel.serveOperation(WorkspaceKernel.java:1136)
	at cartago.WorkspaceKernel.access$000(WorkspaceKernel.java:48)
	at cartago.WorkspaceKernel$EnvironmentController.run(WorkspaceKernel.java:1477)
Caused by: cartago.OperationException: op failed.
	at cartago.Artifact.execLinkedOp(Artifact.java:902)
	at artifacts.ArtifactB.sendKA(ArtifactB.java:46)
	... 11 more
java.lang.reflect.InvocationTargetException
	at sun.reflect.NativeMethodAccessorImpl.invoke0(Native Method)
	at sun.reflect.NativeMethodAccessorImpl.invoke(NativeMethodAccessorImpl.java:62)
	at sun.reflect.DelegatingMethodAccessorImpl.invoke(DelegatingMethodAccessorImpl.java:43)
	at java.lang.reflect.Method.invoke(Method.java:498)
	at cartago.ArtifactOpMethod.exec(ArtifactOpMethod.java:39)
	at cartago.Artifact.doOperation(Artifact.java:407)
	at cartago.Artifact.access$200(Artifact.java:32)
	at cartago.Artifact$ArtifactAdapter.doOperation(Artifact.java:1275)
	at cartago.WorkspaceKernel.serveOperation(WorkspaceKernel.java:1136)
	at cartago.WorkspaceKernel.access$000(WorkspaceKernel.java:48)
	at cartago.WorkspaceKernel$EnvironmentController.run(WorkspaceKernel.java:1477)
Caused by: cartago.OperationException: op failed.
	at cartago.Artifact.execLinkedOp(Artifact.java:902)
	at artifacts.ArtifactB.sendKA(ArtifactB.java:46)
	... 11 more
java.lang.reflect.InvocationTargetException
	at sun.reflect.NativeMethodAccessorImpl.invoke0(Native Method)
	at sun.reflect.NativeMethodAccessorImpl.invoke(NativeMethodAccessorImpl.java:62)
	at sun.reflect.DelegatingMethodAccessorImpl.invoke(DelegatingMethodAccessorImpl.java:43)
	at java.lang.reflect.Method.invoke(Method.java:498)
	at cartago.ArtifactOpMethod.exec(ArtifactOpMethod.java:39)
	at cartago.Artifact.doOperation(Artifact.java:407)
	at cartago.Artifact.access$200(Artifact.java:32)
	at cartago.Artifact$ArtifactAdapter.doOperation(Artifact.java:1275)
	at cartago.WorkspaceKernel.serveOperation(WorkspaceKernel.java:1136)
	at cartago.WorkspaceKernel.access$000(WorkspaceKernel.java:48)
	at cartago.WorkspaceKernel$EnvironmentController.run(WorkspaceKernel.java:1477)
Caused by: cartago.OperationException: op failed.
	at cartago.Artifact.execLinkedOp(Artifact.java:902)
	at artifacts.ArtifactB.sendKA(ArtifactB.java:46)
	... 11 more
[ArtifactB0] trying to send keepalive message...
[ArtifactB1] trying to send keepalive message...
[ArtifactB2] trying to send keepalive message...
[ArtifactB3] trying to send keepalive message...
[ArtifactB4] trying to send keepalive message...
[ArtifactB5] trying to send keepalive message...
[ArtifactB6] trying to send keepalive message...
[ArtifactB7] trying to send keepalive message...
[ArtifactB8] trying to send keepalive message...
java.lang.reflect.InvocationTargetException
	at sun.reflect.NativeMethodAccessorImpl.invoke0(Native Method)
	at sun.reflect.NativeMethodAccessorImpl.invoke(NativeMethodAccessorImpl.java:62)
	at sun.reflect.DelegatingMethodAccessorImpl.invoke(DelegatingMethodAccessorImpl.java:43)
	at java.lang.reflect.Method.invoke(Method.java:498)
	at cartago.ArtifactOpMethod.exec(ArtifactOpMethod.java:39)
	at cartago.Artifact.doOperation(Artifact.java:407)
	at cartago.Artifact.access$200(Artifact.java:32)
	at cartago.Artifact$ArtifactAdapter.doOperation(Artifact.java:1275)
	at cartago.WorkspaceKernel.serveOperation(WorkspaceKernel.java:1136)
	at cartago.WorkspaceKernel.access$000(WorkspaceKernel.java:48)
	at cartago.WorkspaceKernel$EnvironmentController.run(WorkspaceKernel.java:1477)
Caused by: cartago.OperationException: op failed.
	at cartago.Artifact.execLinkedOp(Artifact.java:902)
	at artifacts.ArtifactB.sendKA(ArtifactB.java:46)
	... 11 more
[ArtifactB9] trying to send keepalive message...
[ArtifactA0] trying to send keepalive message...
DEBUG: (ArtifactA0) A message is being sent to camel route...
DEBUG: (ArtifactA0) Message added in the outgoing queue! Artifact:ArtifactA
[ArtifactC] trying to send keepalive message...
DEBUG: (ArtifactC) A message is being sent to camel route...
DEBUG: (ArtifactC) Message added in the outgoing queue! Artifact:ArtifactC
DEBUG: A message was founded in the outgoing queue! Artifact:ArtifactA, op:KA, body [ArtifactA0]
DEBUG: A message was founded in the outgoing queue! Artifact:ArtifactC, op:KA, body [ArtifactC: Keep alive!]
9312 [hawtdispatch-DEFAULT-2] INFO CamelArtifactLoggerOut - Exchange[ExchangePattern: InOnly, BodyType: String, Body: [ArtifactA0]]
9337 [hawtdispatch-DEFAULT-1] INFO CamelArtifactLoggerOut - Exchange[ExchangePattern: InOnly, BodyType: null, Body: [Body is null]]
TRACE: Creating artifact producer endpoint...
INFO: Artifact producer endpoint created successfully!
DEBUG: InOpRequest received! Artifact: ArtifactA0, kaBackA
DEBUG: Adding in the inQueue: ArtifactA0: kaBackA
DEBUG: Message added in the incoming queue!
DEBUG: A message was founded in the incoming queue! Artifact:ArtifactA0, op:kaBackA, body []
DEBUG: (ArtifactA0) Getting artifact id of ArtifactA0
DEBUG: (ArtifactA0) Executing kaBackA without parameters.
[ArtifactA0] received keepalive back!
9604 [hawtdispatch-DEFAULT-1] INFO CamelArtifactLoggerOut - Exchange[ExchangePattern: InOnly, BodyType: null, Body: [Body is null]]
9609 [hawtdispatch-DEFAULT-1] INFO CamelArtifactLoggerOut - Exchange[ExchangePattern: InOnly, BodyType: String, Body: [ArtifactC: Keep alive!] - ResourceC do something!]
TRACE: Creating artifact producer endpoint...
INFO: Artifact producer endpoint created successfully!
DEBUG: InOpRequest received! Artifact: ArtifactC, kaBackC
DEBUG: Adding in the inQueue: ArtifactC: kaBackC
DEBUG: Message added in the incoming queue!
DEBUG: A message was founded in the incoming queue! Artifact:ArtifactC, op:kaBackC, body []
DEBUG: (ArtifactC) Getting artifact id of ArtifactC
DEBUG: (ArtifactC) Executing kaBackC without parameters.
[ArtifactC] received keepalive back!
